Using pre-set license
Built from '2021.1/staging' branch; Version is '2021.1.6f1 (c0fade0cc7e9) revision 12647134'; Using compiler version '192528614'; Build Type 'Release'
OS: 'Windows 10 Education; OS build 19043.1081; Version 2009; 64bit' Language: 'pl' Physical Memory: 16328 MB
BatchMode: 1, IsHumanControllingUs: 0, StartBugReporterOnCrash: 0, Is64bit: 1, IsPro: 0

 COMMAND LINE ARGUMENTS:
C:\Program Files\Unity\Hub\Editor\2021.1.6f1\Editor\Unity.exe
-adb2
-batchMode
-noUpm
-name
AssetImportWorker0
-projectPath
C:/Users/Michał/Documents/GitHub/NordicGame
-logFile
Logs/AssetImportWorker0.log
-srvPort
1125
Successfully changed project path to: C:/Users/Michał/Documents/GitHub/NordicGame
C:/Users/Michał/Documents/GitHub/NordicGame
Using Asset Import Pipeline V2.
Refreshing native plugins compatible for Editor in 35.62 ms, found 1 plugins.
Preloading 0 native plugins for Editor in 0.00 ms.
Initialize engine version: 2021.1.6f1 (c0fade0cc7e9)
[Subsystems] Discovering subsystems at path C:/Program Files/Unity/Hub/Editor/2021.1.6f1/Editor/Data/Resources/UnitySubsystems
[Subsystems] Discovering subsystems at path C:/Users/Michał/Documents/GitHub/NordicGame/Assets
GfxDevice: creating device client; threaded=0; jobified=0
Direct3D:
    Version:  Direct3D 11.0 [level 11.1]
    Renderer: Radeon RX 580 Series (ID=0x67df)
    Vendor:   ATI
    VRAM:     4075 MB
    Driver:   27.20.22001.14011
Initialize mono
Mono path[0] = 'C:/Program Files/Unity/Hub/Editor/2021.1.6f1/Editor/Data/Managed'
Mono path[1] = 'C:/Program Files/Unity/Hub/Editor/2021.1.6f1/Editor/Data/MonoBleedingEdge/lib/mono/unityjit'
Mono config path = 'C:/Program Files/Unity/Hub/Editor/2021.1.6f1/Editor/Data/MonoBleedingEdge/etc'
Using monoOptions --debugger-agent=transport=dt_socket,embedding=1,server=y,suspend=n,address=127.0.0.1:56316
Begin MonoManager ReloadAssembly
Registering precompiled unity dll's ...
Register platform support module: C:/Program Files/Unity/Hub/Editor/2021.1.6f1/Editor/Data/PlaybackEngines/WindowsStandaloneSupport/UnityEditor.WindowsStandalone.Extensions.dll
Registered in 0.001712 seconds.
Native extension for WindowsStandalone target not found
Refreshing native plugins compatible for Editor in 35.51 ms, found 1 plugins.
Preloading 0 native plugins for Editor in 0.00 ms.
Mono: successfully reloaded assembly
- Completed reload, in  1.374 seconds
Platform modules already initialized, skipping
Registering precompiled user dll's ...
Registered in 0.000749 seconds.
Begin MonoManager ReloadAssembly
Native extension for WindowsStandalone target not found
Refreshing native plugins compatible for Editor in 35.44 ms, found 1 plugins.
Preloading 0 native plugins for Editor in 0.00 ms.
Mono: successfully reloaded assembly
- Completed reload, in  0.763 seconds
Platform modules already initialized, skipping
========================================================================
Worker process is ready to serve import requests
Launched and connected shader compiler UnityShaderCompiler.exe after 0.04 seconds
Refreshing native plugins compatible for Editor in 0.44 ms, found 1 plugins.
Preloading 0 native plugins for Editor in 0.00 ms.
Unloading 1847 Unused Serialized files (Serialized files now loaded: 0)
System memory in use before: 87.5 MB.
System memory in use after: 87.6 MB.

Unloading 19 unused Assets to reduce memory usage. Loaded Objects now: 2309.
Total: 1.942200 ms (FindLiveObjects: 0.147400 ms CreateObjectMapping: 0.040100 ms MarkObjects: 1.705200 ms  DeleteObjects: 0.048400 ms)

========================================================================
Received Import Request.
  path: Assets/Inventory/inventory_empty.png
  artifactKey: Guid(0757209f4d4cd444788907670b620f39) Importer(815301076,1909f56bfc062723c751e8b465ee728b)
Start importing Assets/Inventory/inventory_empty.png using Guid(0757209f4d4cd444788907670b620f39) Importer(815301076,1909f56bfc062723c751e8b465ee728b)  -> (artifact id: 'ae62e031af2f41416265d1e62be1e14e') in 0.109598 seconds 
========================================================================
Received Import Request.
  Time since last request: 0.000169 seconds.
  path: Assets/Inventory/item_slot.png
  artifactKey: Guid(87cf4651d7a350b479ff529508604c38) Importer(815301076,1909f56bfc062723c751e8b465ee728b)
Start importing Assets/Inventory/item_slot.png using Guid(87cf4651d7a350b479ff529508604c38) Importer(815301076,1909f56bfc062723c751e8b465ee728b)  -> (artifact id: 'ffcd15ed60c3d101471adbc27c13602d') in 0.014410 seconds 
========================================================================
Received Import Request.
  Time since last request: 0.000116 seconds.
  path: Assets/Inventory/Test Item.asset
  artifactKey: Guid(a9af9d3235c19c64d868cb3bdf61716f) Importer(815301076,1909f56bfc062723c751e8b465ee728b)
Start importing Assets/Inventory/Test Item.asset using Guid(a9af9d3235c19c64d868cb3bdf61716f) Importer(815301076,1909f56bfc062723c751e8b465ee728b)  -> (artifact id: '77a15294df9e154d969eb8b752253305') in 0.009607 seconds 
========================================================================
Received Import Request.
  Time since last request: 0.000141 seconds.
  path: Assets/Inventory/stolensword.png
  artifactKey: Guid(241ea501c2fe87843916aac1e41b4b9b) Importer(815301076,1909f56bfc062723c751e8b465ee728b)
Start importing Assets/Inventory/stolensword.png using Guid(241ea501c2fe87843916aac1e41b4b9b) Importer(815301076,1909f56bfc062723c751e8b465ee728b)  -> (artifact id: '0390a12ecdfb58b6f0b4e70009b4ab39') in 0.010929 seconds 
========================================================================
Received Import Request.
  Time since last request: 0.000124 seconds.
  path: Assets/Inventory/ItemSlot.prefab
  artifactKey: Guid(0cb864733b3be3e4d86e9a994cee5ddf) Importer(815301076,1909f56bfc062723c751e8b465ee728b)
Start importing Assets/Inventory/ItemSlot.prefab using Guid(0cb864733b3be3e4d86e9a994cee5ddf) Importer(815301076,1909f56bfc062723c751e8b465ee728b)  -> (artifact id: '8344aec387a1ad774d9cae8824455773') in 0.017850 seconds 
========================================================================
Received Import Request.
  Time since last request: 0.000125 seconds.
  path: Assets/Inventory/eq_button.png
  artifactKey: Guid(9f61e4146a36ad3489a20da9386df601) Importer(815301076,1909f56bfc062723c751e8b465ee728b)
Start importing Assets/Inventory/eq_button.png using Guid(9f61e4146a36ad3489a20da9386df601) Importer(815301076,1909f56bfc062723c751e8b465ee728b)  -> (artifact id: '15ded01529fff136cdee3f35bd58cb32') in 0.011764 seconds 
========================================================================
Received Import Request.
  Time since last request: 0.000139 seconds.
  path: Assets/Inventory/plus_button.png
  artifactKey: Guid(7f3e42034b4bd524688f5a49b7e2d451) Importer(815301076,1909f56bfc062723c751e8b465ee728b)
Start importing Assets/Inventory/plus_button.png using Guid(7f3e42034b4bd524688f5a49b7e2d451) Importer(815301076,1909f56bfc062723c751e8b465ee728b)  -> (artifact id: '3e5843dabba2786b2268a7ddf1ebcbeb') in 0.010394 seconds 
========================================================================
Received Import Request.
  Time since last request: 0.000148 seconds.
  path: Assets/Inventory/minus_button.png
  artifactKey: Guid(3ea25c77ac279e1429b3b4a250441c6e) Importer(815301076,1909f56bfc062723c751e8b465ee728b)
Start importing Assets/Inventory/minus_button.png using Guid(3ea25c77ac279e1429b3b4a250441c6e) Importer(815301076,1909f56bfc062723c751e8b465ee728b)  -> (artifact id: '9104d3380afc1a53f561cda949e652e6') in 0.008993 seconds 
========================================================================
Received Prepare
Registering precompiled user dll's ...
Registered in 0.000822 seconds.
Begin MonoManager ReloadAssembly
Native extension for WindowsStandalone target not found
Refreshing native plugins compatible for Editor in 0.48 ms, found 1 plugins.
Preloading 0 native plugins for Editor in 0.00 ms.
Mono: successfully reloaded assembly
- Completed reload, in  0.722 seconds
Platform modules already initialized, skipping
Switching build target platform(19) subTarget(0) extendedPlatform(0) -> platform(13) subTarget(537395200) extendedPlatform(0)
Refreshing native plugins compatible for Editor in 0.45 ms, found 1 plugins.
Preloading 0 native plugins for Editor in 0.00 ms.
Unloading 1847 Unused Serialized files (Serialized files now loaded: 0)
System memory in use before: 93.7 MB.
System memory in use after: 93.8 MB.

Unloading 8 unused Assets to reduce memory usage. Loaded Objects now: 2410.
Total: 1.837900 ms (FindLiveObjects: 0.155200 ms CreateObjectMapping: 0.039400 ms MarkObjects: 1.631600 ms  DeleteObjects: 0.011000 ms)

AssetImportParameters requested are different than current active one (requested -> active):
  custom:graphics/normal-map-encoding: 01000000000000000000000000000000 -> 02000000000000000000000000000000
========================================================================
Received Prepare
Registering precompiled user dll's ...
Registered in 0.005452 seconds.
Begin MonoManager ReloadAssembly
Native extension for WindowsStandalone target not found
Refreshing native plugins compatible for Editor in 0.52 ms, found 1 plugins.
Preloading 0 native plugins for Editor in 0.00 ms.
Mono: successfully reloaded assembly
- Completed reload, in  1.666 seconds
Platform modules already initialized, skipping
Switching build target platform(19) subTarget(0) extendedPlatform(0) -> platform(13) subTarget(537395200) extendedPlatform(0)
Refreshing native plugins compatible for Editor in 0.75 ms, found 1 plugins.
Preloading 0 native plugins for Editor in 0.00 ms.
Unloading 1841 Unused Serialized files (Serialized files now loaded: 0)
System memory in use before: 93.5 MB.
System memory in use after: 93.6 MB.

Unloading 8 unused Assets to reduce memory usage. Loaded Objects now: 2413.
Total: 3.806600 ms (FindLiveObjects: 0.234200 ms CreateObjectMapping: 0.046700 ms MarkObjects: 3.504900 ms  DeleteObjects: 0.019400 ms)

AssetImportParameters requested are different than current active one (requested -> active):
  custom:graphics/normal-map-encoding: 01000000000000000000000000000000 -> 02000000000000000000000000000000
========================================================================
Received Import Request.
  Time since last request: 190.002795 seconds.
  path: Assets/Joystick Pack/Sprites/All Axis Backgrounds/AllAxis_Outline.png
  artifactKey: Guid(5b56d9fa0e8bd6e409ed188db38a692c) Importer(815301076,1909f56bfc062723c751e8b465ee728b)
Start importing Assets/Joystick Pack/Sprites/All Axis Backgrounds/AllAxis_Outline.png using Guid(5b56d9fa0e8bd6e409ed188db38a692c) Importer(815301076,1909f56bfc062723c751e8b465ee728b)  -> (artifact id: '51166251d26374b2768c125850fcc765') in 0.144138 seconds 
========================================================================
Received Import Request.
  Time since last request: 0.000181 seconds.
  path: Assets/Joystick Pack/Sprites/All Axis Backgrounds/AllAxis_Plain.png
  artifactKey: Guid(84487d73ca4b791498332d8f6858417f) Importer(815301076,1909f56bfc062723c751e8b465ee728b)
Start importing Assets/Joystick Pack/Sprites/All Axis Backgrounds/AllAxis_Plain.png using Guid(84487d73ca4b791498332d8f6858417f) Importer(815301076,1909f56bfc062723c751e8b465ee728b)  -> (artifact id: '2756e6849c5dcbfc1e352af2672ca25f') in 0.042625 seconds 
========================================================================
Received Import Request.
  Time since last request: 0.000169 seconds.
  path: Assets/Joystick Pack/Sprites/All Axis Backgrounds/AllAxis_Plain_Arrows.png
  artifactKey: Guid(2a1f3cba20f3e11498474a705db12fde) Importer(815301076,1909f56bfc062723c751e8b465ee728b)
Start importing Assets/Joystick Pack/Sprites/All Axis Backgrounds/AllAxis_Plain_Arrows.png using Guid(2a1f3cba20f3e11498474a705db12fde) Importer(815301076,1909f56bfc062723c751e8b465ee728b)  -> (artifact id: 'e06b8645533d17dc9f9aa7216ef2453a') in 0.023128 seconds 
========================================================================
Received Import Request.
  Time since last request: 0.000311 seconds.
  path: Assets/Joystick Pack/Sprites/All Axis Backgrounds/AllAxis_Outline_Arrows.png
  artifactKey: Guid(48c0d4d6bebaa934384b07aa1e2f8184) Importer(815301076,1909f56bfc062723c751e8b465ee728b)
Start importing Assets/Joystick Pack/Sprites/All Axis Backgrounds/AllAxis_Outline_Arrows.png using Guid(48c0d4d6bebaa934384b07aa1e2f8184) Importer(815301076,1909f56bfc062723c751e8b465ee728b)  -> (artifact id: '082e9e191a698a1fbb39c5a0cb37a96d') in 0.024249 seconds 
========================================================================
Received Import Request.
  Time since last request: 8.059409 seconds.
  path: Assets/Joystick Pack/Sprites/Handles/Handle_Plain.png
  artifactKey: Guid(010a6e5305fa7004f89c5d317b7b47d4) Importer(815301076,1909f56bfc062723c751e8b465ee728b)
Start importing Assets/Joystick Pack/Sprites/Handles/Handle_Plain.png using Guid(010a6e5305fa7004f89c5d317b7b47d4) Importer(815301076,1909f56bfc062723c751e8b465ee728b)  -> (artifact id: 'a266371d073c13a844c4af240eb4e9c6') in 0.037271 seconds 
========================================================================
Received Import Request.
  Time since last request: 0.000161 seconds.
  path: Assets/Joystick Pack/Sprites/Handles/Handle_Plain_Arrows.png
  artifactKey: Guid(f353d42d1db27ff42b78b28efd86b316) Importer(815301076,1909f56bfc062723c751e8b465ee728b)
Start importing Assets/Joystick Pack/Sprites/Handles/Handle_Plain_Arrows.png using Guid(f353d42d1db27ff42b78b28efd86b316) Importer(815301076,1909f56bfc062723c751e8b465ee728b)  -> (artifact id: 'b0f7f4fd3650a2ca3e8b399d1bbbf6fc') in 0.042440 seconds 
========================================================================
Received Import Request.
  Time since last request: 18.675667 seconds.
  path: Assets/Joystick Pack/Examples/Player.mat
  artifactKey: Guid(59e4faf24927edf4a82f463ad16f1c37) Importer(815301076,1909f56bfc062723c751e8b465ee728b)
Start importing Assets/Joystick Pack/Examples/Player.mat using Guid(59e4faf24927edf4a82f463ad16f1c37) Importer(815301076,1909f56bfc062723c751e8b465ee728b)  -> (artifact id: 'efe2867d8e60270b5b3e6f65964eb7d2') in 0.070047 seconds 
========================================================================
Received Prepare
Registering precompiled user dll's ...
Registered in 0.001105 seconds.
Begin MonoManager ReloadAssembly
Native extension for WindowsStandalone target not found
Refreshing native plugins compatible for Editor in 4.48 ms, found 1 plugins.
Preloading 0 native plugins for Editor in 0.00 ms.
Mono: successfully reloaded assembly
- Completed reload, in  2.779 seconds
Platform modules already initialized, skipping
Switching build target platform(19) subTarget(0) extendedPlatform(0) -> platform(13) subTarget(537395200) extendedPlatform(0)
Refreshing native plugins compatible for Editor in 0.59 ms, found 1 plugins.
Preloading 0 native plugins for Editor in 0.00 ms.
Unloading 1847 Unused Serialized files (Serialized files now loaded: 0)
System memory in use before: 97.9 MB.
System memory in use after: 98.0 MB.

Unloading 8 unused Assets to reduce memory usage. Loaded Objects now: 2545.
Total: 7.888200 ms (FindLiveObjects: 1.678000 ms CreateObjectMapping: 0.070800 ms MarkObjects: 6.118600 ms  DeleteObjects: 0.016900 ms)

AssetImportParameters requested are different than current active one (requested -> active):
  custom:graphics/normal-map-encoding: 01000000000000000000000000000000 -> 02000000000000000000000000000000
========================================================================
Received Import Request.
  Time since last request: 195.693956 seconds.
  path: Assets/Prefabricates/Sword.prefab
  artifactKey: Guid(8ac7f3c74eb77a040a5ce5c90fb8434f) Importer(815301076,1909f56bfc062723c751e8b465ee728b)
Start importing Assets/Prefabricates/Sword.prefab using Guid(8ac7f3c74eb77a040a5ce5c90fb8434f) Importer(815301076,1909f56bfc062723c751e8b465ee728b)  -> (artifact id: '335df6b9dfe4df3febc79a986bc1ac8c') in 0.116347 seconds 
========================================================================
Received Import Request.
  Time since last request: 2.829668 seconds.
  path: Assets/Sprites/Axe.png
  artifactKey: Guid(5e2376528c9a53e46a82bc995a562c2e) Importer(815301076,1909f56bfc062723c751e8b465ee728b)
Start importing Assets/Sprites/Axe.png using Guid(5e2376528c9a53e46a82bc995a562c2e) Importer(815301076,1909f56bfc062723c751e8b465ee728b)  -> (artifact id: '2dcb48e7c2971510588c2a16cfd99e59') in 0.047934 seconds 
========================================================================
Received Import Request.
  Time since last request: 0.000144 seconds.
  path: Assets/Sprites/Sword.png
  artifactKey: Guid(015c4e48f9de32245912cab5b772b0e1) Importer(815301076,1909f56bfc062723c751e8b465ee728b)
Start importing Assets/Sprites/Sword.png using Guid(015c4e48f9de32245912cab5b772b0e1) Importer(815301076,1909f56bfc062723c751e8b465ee728b)  -> (artifact id: '0dbcd5e68eb3da1b1cdbdd7725ac78bd') in 0.029851 seconds 
========================================================================
Received Prepare
Registering precompiled user dll's ...
Registered in 0.001097 seconds.
Begin MonoManager ReloadAssembly
Native extension for WindowsStandalone target not found
Refreshing native plugins compatible for Editor in 3.24 ms, found 1 plugins.
Preloading 0 native plugins for Editor in 0.00 ms.
Mono: successfully reloaded assembly
- Completed reload, in  1.662 seconds
Platform modules already initialized, skipping
Switching build target platform(19) subTarget(0) extendedPlatform(0) -> platform(13) subTarget(537395200) extendedPlatform(0)
Refreshing native plugins compatible for Editor in 0.65 ms, found 1 plugins.
Preloading 0 native plugins for Editor in 0.00 ms.
Unloading 1843 Unused Serialized files (Serialized files now loaded: 0)
System memory in use before: 98.6 MB.
System memory in use after: 98.7 MB.

Unloading 8 unused Assets to reduce memory usage. Loaded Objects now: 2583.
Total: 3.475200 ms (FindLiveObjects: 0.398300 ms CreateObjectMapping: 0.070000 ms MarkObjects: 2.986000 ms  DeleteObjects: 0.018900 ms)

AssetImportParameters requested are different than current active one (requested -> active):
  custom:graphics/normal-map-encoding: 01000000000000000000000000000000 -> 02000000000000000000000000000000
========================================================================
Received Import Request.
  Time since last request: 44.518588 seconds.
  path: Assets/Sprites/Hero_viking/run_viking/run_W/Run_W8.png
  artifactKey: Guid(d6e652f1541d9c74d8c93d33ad6d9b04) Importer(815301076,1909f56bfc062723c751e8b465ee728b)
Start importing Assets/Sprites/Hero_viking/run_viking/run_W/Run_W8.png using Guid(d6e652f1541d9c74d8c93d33ad6d9b04) Importer(815301076,1909f56bfc062723c751e8b465ee728b)  -> (artifact id: 'd24a33e71cfe85b1eac5af53a3af0494') in 0.092164 seconds 
========================================================================
Received Import Request.
  Time since last request: 40.056133 seconds.
  path: Assets/Inventory
  artifactKey: Guid(b2d93825dafb548489d5fcded2dd993c) Importer(815301076,1909f56bfc062723c751e8b465ee728b)
Start importing Assets/Inventory using Guid(b2d93825dafb548489d5fcded2dd993c) Importer(815301076,1909f56bfc062723c751e8b465ee728b)  -> (artifact id: 'f13a01824c7a82b31d45979a6738c68c') in 0.028554 seconds 
========================================================================
Received Prepare
Registering precompiled user dll's ...
Registered in 0.001505 seconds.
Begin MonoManager ReloadAssembly
Native extension for WindowsStandalone target not found
Refreshing native plugins compatible for Editor in 4.46 ms, found 1 plugins.
Preloading 0 native plugins for Editor in 0.00 ms.
Mono: successfully reloaded assembly
- Completed reload, in  2.902 seconds
Platform modules already initialized, skipping
Switching build target platform(19) subTarget(0) extendedPlatform(0) -> platform(13) subTarget(537395200) extendedPlatform(0)
Refreshing native plugins compatible for Editor in 1.08 ms, found 1 plugins.
Preloading 0 native plugins for Editor in 0.00 ms.
Unloading 1842 Unused Serialized files (Serialized files now loaded: 0)
System memory in use before: 99.0 MB.
System memory in use after: 99.1 MB.

Unloading 8 unused Assets to reduce memory usage. Loaded Objects now: 2602.
Total: 4.042400 ms (FindLiveObjects: 0.654100 ms CreateObjectMapping: 0.049700 ms MarkObjects: 3.316300 ms  DeleteObjects: 0.020300 ms)

AssetImportParameters requested are different than current active one (requested -> active):
  custom:graphics/normal-map-encoding: 01000000000000000000000000000000 -> 02000000000000000000000000000000
========================================================================
Received Import Request.
  Time since last request: 187.168993 seconds.
  path: Assets/Inventory/Test Item.asset
  artifactKey: Guid(a9af9d3235c19c64d868cb3bdf61716f) Importer(815301076,1909f56bfc062723c751e8b465ee728b)
Start importing Assets/Inventory/Test Item.asset using Guid(a9af9d3235c19c64d868cb3bdf61716f) Importer(815301076,1909f56bfc062723c751e8b465ee728b)  -> (artifact id: 'c67475adb9dd8930fa6502f59ea606be') in 0.025349 seconds 
========================================================================
Received Prepare
Registering precompiled user dll's ...
Registered in 0.004720 seconds.
Begin MonoManager ReloadAssembly
Native extension for WindowsStandalone target not found
Refreshing native plugins compatible for Editor in 4.52 ms, found 1 plugins.
Preloading 0 native plugins for Editor in 0.00 ms.
Mono: successfully reloaded assembly
- Completed reload, in  1.710 seconds
Platform modules already initialized, skipping
Switching build target platform(19) subTarget(0) extendedPlatform(0) -> platform(13) subTarget(537395200) extendedPlatform(0)
Refreshing native plugins compatible for Editor in 0.71 ms, found 1 plugins.
Preloading 0 native plugins for Editor in 0.00 ms.
Unloading 1841 Unused Serialized files (Serialized files now loaded: 0)
System memory in use before: 99.0 MB.
System memory in use after: 99.1 MB.

Unloading 8 unused Assets to reduce memory usage. Loaded Objects now: 2605.
Total: 2.012500 ms (FindLiveObjects: 0.233900 ms CreateObjectMapping: 0.044100 ms MarkObjects: 1.721200 ms  DeleteObjects: 0.012200 ms)

AssetImportParameters requested are different than current active one (requested -> active):
  custom:graphics/normal-map-encoding: 01000000000000000000000000000000 -> 02000000000000000000000000000000
========================================================================
Received Prepare
Registering precompiled user dll's ...
Registered in 0.004459 seconds.
Begin MonoManager ReloadAssembly
Native extension for WindowsStandalone target not found
Refreshing native plugins compatible for Editor in 0.45 ms, found 1 plugins.
Preloading 0 native plugins for Editor in 0.00 ms.
Mono: successfully reloaded assembly
- Completed reload, in  1.343 seconds
Platform modules already initialized, skipping
Switching build target platform(19) subTarget(0) extendedPlatform(0) -> platform(13) subTarget(537395200) extendedPlatform(0)
Refreshing native plugins compatible for Editor in 0.45 ms, found 1 plugins.
Preloading 0 native plugins for Editor in 0.00 ms.
Unloading 1841 Unused Serialized files (Serialized files now loaded: 0)
System memory in use before: 99.0 MB.
System memory in use after: 99.1 MB.

Unloading 8 unused Assets to reduce memory usage. Loaded Objects now: 2608.
Total: 1.897100 ms (FindLiveObjects: 0.188800 ms CreateObjectMapping: 0.041000 ms MarkObjects: 1.656000 ms  DeleteObjects: 0.010700 ms)

AssetImportParameters requested are different than current active one (requested -> active):
  custom:graphics/normal-map-encoding: 01000000000000000000000000000000 -> 02000000000000000000000000000000
========================================================================
Received Prepare
Registering precompiled user dll's ...
Registered in 0.000922 seconds.
Begin MonoManager ReloadAssembly
Native extension for WindowsStandalone target not found
Refreshing native plugins compatible for Editor in 0.45 ms, found 1 plugins.
Preloading 0 native plugins for Editor in 0.00 ms.
Mono: successfully reloaded assembly
- Completed reload, in  0.746 seconds
Platform modules already initialized, skipping
Switching build target platform(19) subTarget(0) extendedPlatform(0) -> platform(13) subTarget(537395200) extendedPlatform(0)
Refreshing native plugins compatible for Editor in 0.46 ms, found 1 plugins.
Preloading 0 native plugins for Editor in 0.00 ms.
Unloading 1841 Unused Serialized files (Serialized files now loaded: 0)
System memory in use before: 99.0 MB.
System memory in use after: 99.1 MB.

Unloading 8 unused Assets to reduce memory usage. Loaded Objects now: 2611.
Total: 2.015200 ms (FindLiveObjects: 0.213000 ms CreateObjectMapping: 0.049300 ms MarkObjects: 1.737900 ms  DeleteObjects: 0.014200 ms)

AssetImportParameters requested are different than current active one (requested -> active):
  custom:graphics/normal-map-encoding: 01000000000000000000000000000000 -> 02000000000000000000000000000000
========================================================================
Received Prepare
Registering precompiled user dll's ...
Registered in 0.002098 seconds.
Begin MonoManager ReloadAssembly
Native extension for WindowsStandalone target not found
Refreshing native plugins compatible for Editor in 0.47 ms, found 1 plugins.
Preloading 0 native plugins for Editor in 0.00 ms.
Mono: successfully reloaded assembly
- Completed reload, in  0.813 seconds
Platform modules already initialized, skipping
Switching build target platform(19) subTarget(0) extendedPlatform(0) -> platform(13) subTarget(537395200) extendedPlatform(0)
Refreshing native plugins compatible for Editor in 0.45 ms, found 1 plugins.
Preloading 0 native plugins for Editor in 0.00 ms.
Unloading 1841 Unused Serialized files (Serialized files now loaded: 0)
System memory in use before: 99.0 MB.
System memory in use after: 99.1 MB.

Unloading 8 unused Assets to reduce memory usage. Loaded Objects now: 2614.
Total: 1.899500 ms (FindLiveObjects: 0.190300 ms CreateObjectMapping: 0.041500 ms MarkObjects: 1.656000 ms  DeleteObjects: 0.010900 ms)

AssetImportParameters requested are different than current active one (requested -> active):
  custom:graphics/normal-map-encoding: 01000000000000000000000000000000 -> 02000000000000000000000000000000
========================================================================
Received Import Request.
  Time since last request: 329.226149 seconds.
  path: Assets/Scenes/eqsecene.unity
  artifactKey: Guid(2878133766cfe7c4b84e38dc0c218434) Importer(815301076,1909f56bfc062723c751e8b465ee728b)
Start importing Assets/Scenes/eqsecene.unity using Guid(2878133766cfe7c4b84e38dc0c218434) Importer(815301076,1909f56bfc062723c751e8b465ee728b)  -> (artifact id: '7a50f85a0fafbc6c74e078e4e83a706c') in 0.023017 seconds 
========================================================================
Received Prepare
Registering precompiled user dll's ...
Registered in 0.000873 seconds.
Begin MonoManager ReloadAssembly
Native extension for WindowsStandalone target not found
Refreshing native plugins compatible for Editor in 0.47 ms, found 1 plugins.
Preloading 0 native plugins for Editor in 0.00 ms.
Mono: successfully reloaded assembly
- Completed reload, in  0.772 seconds
Platform modules already initialized, skipping
Switching build target platform(19) subTarget(0) extendedPlatform(0) -> platform(13) subTarget(537395200) extendedPlatform(0)
Refreshing native plugins compatible for Editor in 0.46 ms, found 1 plugins.
Preloading 0 native plugins for Editor in 0.00 ms.
Unloading 1841 Unused Serialized files (Serialized files now loaded: 0)
System memory in use before: 99.0 MB.
System memory in use after: 99.1 MB.

Unloading 8 unused Assets to reduce memory usage. Loaded Objects now: 2617.
Total: 2.212500 ms (FindLiveObjects: 0.204300 ms CreateObjectMapping: 0.045600 ms MarkObjects: 1.950200 ms  DeleteObjects: 0.011500 ms)

AssetImportParameters requested are different than current active one (requested -> active):
  custom:graphics/normal-map-encoding: 01000000000000000000000000000000 -> 02000000000000000000000000000000
